android/app/build/intermediates/manifest_merge_blame_file/debug/manifest-merger-blame-debug-report.txt
1<?xml version="1.0" encoding="utf-8"?>
2<manifest xmlns:android="http://schemas.android.com/apk/res/android"
3    package="com.autoidentreactsample"
4    android:versionCode="1"
5    android:versionName="1.0" >
6
7    <uses-sdk
8        android:minSdkVersion="21"
9        android:targetSdkVersion="29" />
10
11    <uses-permission android:name="android.permission.SYSTEM_ALERT_WINDOW" />
11-->src/debug/AndroidManifest.xml:5:5-77
11-->src/debug/AndroidManifest.xml:5:22-75
12    <uses-permission android:name="android.permission.INTERNET" />
12-->src/main/AndroidManifest.xml:5:5-67
12-->src/main/AndroidManifest.xml:5:22-64
13    <uses-permission android:name="android.permission.ACCESS_WIFI_STATE" />
13-->[com.facebook.flipper:flipper:0.54.0] AndroidManifest.xml:16:5-76
13-->[com.facebook.flipper:flipper:0.54.0] AndroidManifest.xml:16:22-73
14    <uses-permission android:name="android.permission.CAMERA" />
14-->[de.idnow.android.sdk:idnow-platform:4.7.0] AndroidManifest.xml:11:5-65
14-->[de.idnow.android.sdk:idnow-platform:4.7.0] AndroidManifest.xml:11:22-62
15    <uses-permission android:name="android.permission.FLASHLIGHT" />
15-->[de.idnow.android.sdk:idnow-platform:4.7.0] AndroidManifest.xml:13:5-69
15-->[de.idnow.android.sdk:idnow-platform:4.7.0] AndroidManifest.xml:13:22-66
16    <uses-permission android:name="android.permission.ACCESS_NETWORK_STATE" />
16-->[de.idnow.android.sdk:idnow-platform:4.7.0] AndroidManifest.xml:14:5-79
16-->[de.idnow.android.sdk:idnow-platform:4.7.0] AndroidManifest.xml:14:22-76
17
18    <uses-feature
18-->[de.idnow.android.sdk:idnow-platform:4.7.0] AndroidManifest.xml:16:5-18:35
19        android:name="android.hardware.camera"
19-->[de.idnow.android.sdk:idnow-platform:4.7.0] AndroidManifest.xml:17:9-47
20        android:required="true" />
20-->[de.idnow.android.sdk:idnow-platform:4.7.0] AndroidManifest.xml:18:9-32
21    <uses-feature
21-->[de.idnow.android.sdk:idnow-platform:4.7.0] AndroidManifest.xml:19:5-21:36
22        android:name="android.hardware.camera.autofocus"
22-->[de.idnow.android.sdk:idnow-platform:4.7.0] AndroidManifest.xml:20:9-57
23        android:required="false" />
23-->[de.idnow.android.sdk:idnow-platform:4.7.0] AndroidManifest.xml:21:9-33
24    <uses-feature
24-->[de.idnow.android.sdk:idnow-platform:4.7.0] AndroidManifest.xml:22:5-24:35
25        android:glEsVersion="0x00020000"
25-->[de.idnow.android.sdk:idnow-platform:4.7.0] AndroidManifest.xml:23:9-41
26        android:required="true" />
26-->[de.idnow.android.sdk:idnow-platform:4.7.0] AndroidManifest.xml:24:9-32
27    <uses-feature
27-->[de.idnow.android.sdk:idnow-platform:4.7.0] AndroidManifest.xml:28:5-30:36
28        android:name="android.hardware.camera.front"
28-->[de.idnow.android.sdk:idnow-platform:4.7.0] AndroidManifest.xml:29:9-53
29        android:required="false" />
29-->[de.idnow.android.sdk:idnow-platform:4.7.0] AndroidManifest.xml:30:9-33
30
31    <permission
31-->[de.idnow.android.sdk:idnow-platform:4.7.0] AndroidManifest.xml:32:5-34:47
32        android:name="com.autoidentreactsample.InsightsPush.BROADCAST_PERMISSION"
32-->[de.idnow.android.sdk:idnow-platform:4.7.0] AndroidManifest.xml:33:9-74
33        android:protectionLevel="signature" />
33-->[de.idnow.android.sdk:idnow-platform:4.7.0] AndroidManifest.xml:34:9-44
34
35    <application
35-->src/main/AndroidManifest.xml:7:5-27:19
36        android:name="com.autoidentreactsample.MainApplication"
36-->src/main/AndroidManifest.xml:8:9-40
37        android:allowBackup="false"
37-->src/main/AndroidManifest.xml:9:9-36
38        android:appComponentFactory="androidx.core.app.CoreComponentFactory"
38-->[androidx.core:core:1.1.0] AndroidManifest.xml:24:18-86
39        android:debuggable="true"
40        android:hardwareAccelerated="true"
40-->[de.idnow.android.sdk:idnow-platform:4.7.0] AndroidManifest.xml:38:9-43
41        android:icon="@mipmap/ic_launcher"
41-->src/main/AndroidManifest.xml:10:9-43
42        android:label="@string/app_name"
42-->src/main/AndroidManifest.xml:11:9-41
43        android:largeHeap="true"
43-->[de.idnow.android.sdk:idnow-platform:4.7.0] AndroidManifest.xml:39:9-33
44        android:roundIcon="@mipmap/ic_launcher_round"
44-->src/main/AndroidManifest.xml:12:9-54
45        android:supportsRtl="true"
45-->[de.idnow.android.sdk:idnow-platform:4.7.0] AndroidManifest.xml:40:9-35
46        android:theme="@style/AppTheme"
46-->src/main/AndroidManifest.xml:13:9-40
47        android:usesCleartextTraffic="true" >
47-->src/debug/AndroidManifest.xml:7:18-53
48        <activity
48-->src/main/AndroidManifest.xml:15:9-25:20
49            android:name="com.autoidentreactsample.MainActivity"
49-->src/main/AndroidManifest.xml:16:13-41
50            android:configChanges="keyboard|keyboardHidden|orientation|screenSize|uiMode"
50-->src/main/AndroidManifest.xml:17:13-90
51            android:label="@string/app_name"
51-->src/main/AndroidManifest.xml:18:13-45
52            android:launchMode="singleTask"
52-->src/main/AndroidManifest.xml:19:13-44
53            android:windowSoftInputMode="adjustResize" >
53-->src/main/AndroidManifest.xml:20:13-55
54            <intent-filter>
54-->src/main/AndroidManifest.xml:21:13-24:29
55                <action android:name="android.intent.action.MAIN" />
55-->src/main/AndroidManifest.xml:22:17-69
55-->src/main/AndroidManifest.xml:22:25-66
56
57                <category android:name="android.intent.category.LAUNCHER" />
57-->src/main/AndroidManifest.xml:23:17-77
57-->src/main/AndroidManifest.xml:23:27-74
58            </intent-filter>
59        </activity>
60        <activity android:name="com.facebook.react.devsupport.DevSettingsActivity" />
60-->src/main/AndroidManifest.xml:26:9-86
60-->src/main/AndroidManifest.xml:26:19-83
61        <activity
61-->[de.idnow.android.sdk:idnow-platform:4.7.0] AndroidManifest.xml:41:9-45:58
62            android:name="de.idnow.core.ui.IDnowActivity"
62-->[de.idnow.android.sdk:idnow-platform:4.7.0] AndroidManifest.xml:42:13-58
63            android:screenOrientation="portrait"
63-->[de.idnow.android.sdk:idnow-platform:4.7.0] AndroidManifest.xml:43:13-49
64            android:theme="@style/IDNowFullScreen"
64-->[de.idnow.android.sdk:idnow-platform:4.7.0] AndroidManifest.xml:44:13-51
65            android:windowSoftInputMode="adjustResize" />
65-->[de.idnow.android.sdk:idnow-platform:4.7.0] AndroidManifest.xml:45:13-55
66        <activity
66-->[de.idnow.android.sdk:idnow-platform:4.7.0] AndroidManifest.xml:46:9-49:55
67            android:name="de.idnow.core.ui.consent.IDnowPrivacyActivity"
67-->[de.idnow.android.sdk:idnow-platform:4.7.0] AndroidManifest.xml:47:13-73
68            android:screenOrientation="portrait"
68-->[de.idnow.android.sdk:idnow-platform:4.7.0] AndroidManifest.xml:48:13-49
69            android:theme="@style/IDNowNoActionBar" />
69-->[de.idnow.android.sdk:idnow-platform:4.7.0] AndroidManifest.xml:49:13-52
70        <activity
70-->[de.idnow.android.sdk:idnow-platform:4.7.0] AndroidManifest.xml:50:9-53:50
71            android:name="de.idnow.core.crash.IDnowCrashHandlingActivity"
71-->[de.idnow.android.sdk:idnow-platform:4.7.0] AndroidManifest.xml:51:13-74
72            android:screenOrientation="portrait"
72-->[de.idnow.android.sdk:idnow-platform:4.7.0] AndroidManifest.xml:52:13-49
73            android:theme="@style/IDNowDialog" />
73-->[de.idnow.android.sdk:idnow-platform:4.7.0] AndroidManifest.xml:53:13-47
74        <activity
74-->[de.idnow.android.sdk:idnow-platform:4.7.0] AndroidManifest.xml:54:9-61:20
75            android:name="com.facetec.zoom.sdk.ZoomSessionActivity"
75-->[de.idnow.android.sdk:idnow-platform:4.7.0] AndroidManifest.xml:55:13-68
76            android:configChanges="orientation|keyboardHidden|screenSize"
76-->[de.idnow.android.sdk:idnow-platform:4.7.0] AndroidManifest.xml:56:13-74
77            android:excludeFromRecents="true"
77-->[de.idnow.android.sdk:idnow-platform:4.7.0] AndroidManifest.xml:57:13-46
78            android:resizeableActivity="false"
78-->[de.idnow.android.sdk:idnow-platform:4.7.0] AndroidManifest.xml:58:13-47
79            android:supportsRtl="true"
79-->[de.idnow.android.sdk:idnow-platform:4.7.0] AndroidManifest.xml:59:13-39
80            android:theme="@style/Theme.AppCompat.Translucent" >
80-->[de.idnow.android.sdk:idnow-platform:4.7.0] AndroidManifest.xml:60:13-63
81        </activity>
82
83        <uses-library android:name="android.test.runner" />
83-->[de.idnow.android.sdk:idnow-platform:4.7.0] AndroidManifest.xml:63:9-60
83-->[de.idnow.android.sdk:idnow-platform:4.7.0] AndroidManifest.xml:63:23-57
84
85        <service
85-->[ch.acra:acra-core:5.7.0] AndroidManifest.xml:27:9-31:39
86            android:name="org.acra.sender.LegacySenderService"
86-->[ch.acra:acra-core:5.7.0] AndroidManifest.xml:28:13-63
87            android:enabled="@bool/acra_enable_legacy_service"
87-->[ch.acra:acra-core:5.7.0] AndroidManifest.xml:29:13-63
88            android:exported="false"
88-->[ch.acra:acra-core:5.7.0] AndroidManifest.xml:30:13-37
89            android:process=":acra" />
89-->[ch.acra:acra-core:5.7.0] AndroidManifest.xml:31:13-36
90        <service
90-->[ch.acra:acra-core:5.7.0] AndroidManifest.xml:32:9-37:39
91            android:name="org.acra.sender.JobSenderService"
91-->[ch.acra:acra-core:5.7.0] AndroidManifest.xml:33:13-60
92            android:enabled="@bool/acra_enable_job_service"
92-->[ch.acra:acra-core:5.7.0] AndroidManifest.xml:34:13-60
93            android:exported="false"
93-->[ch.acra:acra-core:5.7.0] AndroidManifest.xml:35:13-37
94            android:permission="android.permission.BIND_JOB_SERVICE"
94-->[ch.acra:acra-core:5.7.0] AndroidManifest.xml:36:13-69
95            android:process=":acra" />
95-->[ch.acra:acra-core:5.7.0] AndroidManifest.xml:37:13-36
96
97        <provider
97-->[ch.acra:acra-core:5.7.0] AndroidManifest.xml:39:9-45:51
98            android:name="org.acra.attachment.AcraContentProvider"
98-->[ch.acra:acra-core:5.7.0] AndroidManifest.xml:40:13-67
99            android:authorities="com.autoidentreactsample.acra"
99-->[ch.acra:acra-core:5.7.0] AndroidManifest.xml:41:13-56
100            android:exported="false"
100-->[ch.acra:acra-core:5.7.0] AndroidManifest.xml:42:13-37
101            android:grantUriPermissions="true"
101-->[ch.acra:acra-core:5.7.0] AndroidManifest.xml:43:13-47
102            android:process=":acra" />
102-->[ch.acra:acra-core:5.7.0] AndroidManifest.xml:44:13-36
103    </application>
104
105</manifest>